Using pre-set license
Built from '2020.3/staging' branch; Version is '2020.3.9f1 (108be757e447) revision 1084391'; Using compiler version '192528614'; Build Type 'Release'
OS: 'Windows 10 Home Single Language; OS build 19041.1052; Version 2004; 64bit' Language: 'ru' Physical Memory: 15741 MB
BatchMode: 1, IsHumanControllingUs: 0, StartBugReporterOnCrash: 0, Is64bit: 1, IsPro: 0

 COMMAND LINE ARGUMENTS:
D:\Unity\2020.3.9f1\Editor\Unity.exe
-adb2
-batchMode
-noUpm
-name
AssetImportWorker0
-projectPath
C:/Users/lepex/Desktop/Games/Asteroids
-logFile
Logs/AssetImportWorker0.log
-srvPort
61512
Successfully changed project path to: C:/Users/lepex/Desktop/Games/Asteroids
C:/Users/lepex/Desktop/Games/Asteroids
Using Asset Import Pipeline V2.
Refreshing native plugins compatible for Editor in 34.26 ms, found 1 plugins.
Preloading 0 native plugins for Editor in 0.00 ms.
Initialize engine version: 2020.3.9f1 (108be757e447)
[Subsystems] Discovering subsystems at path D:/Unity/2020.3.9f1/Editor/Data/Resources/UnitySubsystems
[Subsystems] Discovering subsystems at path C:/Users/lepex/Desktop/Games/Asteroids/Assets
GfxDevice: creating device client; threaded=0
Direct3D:
    Version:  Direct3D 11.0 [level 11.1]
    Renderer: NVIDIA GeForce GTX 1650 (ID=0x1f99)
    Vendor:   
    VRAM:     3962 MB
    Driver:   27.21.14.5256
Initialize mono
Mono path[0] = 'D:/Unity/2020.3.9f1/Editor/Data/Managed'
Mono path[1] = 'D:/Unity/2020.3.9f1/Editor/Data/MonoBleedingEdge/lib/mono/unityjit'
Mono config path = 'D:/Unity/2020.3.9f1/Editor/Data/MonoBleedingEdge/etc'
Using monoOptions --debugger-agent=transport=dt_socket,embedding=1,server=y,suspend=n,address=127.0.0.1:56092
Begin MonoManager ReloadAssembly
Registering precompiled unity dll's ...
Register platform support module: D:/Unity/2020.3.9f1/Editor/Data/PlaybackEngines/WebGLSupport/UnityEditor.WebGL.Extensions.dll
Register platform support module: D:/Unity/2020.3.9f1/Editor/Data/PlaybackEngines/WindowsStandaloneSupport/UnityEditor.WindowsStandalone.Extensions.dll
Registered in 0.001085 seconds.
Native extension for WindowsStandalone target not found
Native extension for WebGL target not found
Refreshing native plugins compatible for Editor in 34.46 ms, found 1 plugins.
Preloading 0 native plugins for Editor in 0.00 ms.
Mono: successfully reloaded assembly
- Completed reload, in  0.930 seconds
Platform modules already initialized, skipping
Registering precompiled user dll's ...
Registered in 0.001274 seconds.
Begin MonoManager ReloadAssembly
Native extension for WindowsStandalone target not found
Native extension for WebGL target not found
Refreshing native plugins compatible for Editor in 34.21 ms, found 1 plugins.
Preloading 0 native plugins for Editor in 0.00 ms.
Mono: successfully reloaded assembly
- Completed reload, in  0.828 seconds
Platform modules already initialized, skipping
========================================================================
Worker process is ready to serve import requests
Launched and connected shader compiler UnityShaderCompiler.exe after 0.04 seconds
Refreshing native plugins compatible for Editor in 0.56 ms, found 1 plugins.
Preloading 0 native plugins for Editor in 0.00 ms.
Unloading 1817 Unused Serialized files (Serialized files now loaded: 0)
System memory in use before: 105.2 MB.
System memory in use after: 105.3 MB.

Unloading 19 unused Assets to reduce memory usage. Loaded Objects now: 2297.
Total: 2.337200 ms (FindLiveObjects: 0.269900 ms CreateObjectMapping: 0.082800 ms MarkObjects: 1.956700 ms  DeleteObjects: 0.026200 ms)

========================================================================
Received Import Request.
  path: Assets/New Material 2.mat
  artifactKey: Guid(5d5e91c2799a0134695ab6b27d0c95c3) Importer(815301076,1909f56bfc062723c751e8b465ee728b)
Start importing Assets/New Material 2.mat using Guid(5d5e91c2799a0134695ab6b27d0c95c3) Importer(815301076,1909f56bfc062723c751e8b465ee728b)  -> (artifact id: 'a1b2c18cd2d814bc6340a8ecf1577d87') in 0.234154 seconds
  Import took 0.237432 seconds .

========================================================================
Received Import Request.
  Time since last request: 0.000313 seconds.
  path: Assets/New Material 3.mat
  artifactKey: Guid(6a4bc420996978849961f0469c793a42) Importer(815301076,1909f56bfc062723c751e8b465ee728b)
Start importing Assets/New Material 3.mat using Guid(6a4bc420996978849961f0469c793a42) Importer(815301076,1909f56bfc062723c751e8b465ee728b)  -> (artifact id: '39d61ecfb8c21ecc9efb313cdfa6de04') in 0.008869 seconds
  Import took 0.011793 seconds .

========================================================================
Received Import Request.
  Time since last request: 0.000263 seconds.
  path: Assets/New Material 1.mat
  artifactKey: Guid(4354a01ab3022054cb6b21397cc62f02) Importer(815301076,1909f56bfc062723c751e8b465ee728b)
Start importing Assets/New Material 1.mat using Guid(4354a01ab3022054cb6b21397cc62f02) Importer(815301076,1909f56bfc062723c751e8b465ee728b)  -> (artifact id: '51fdbcc21f88b1aa787b7fe91d500d64') in 0.008868 seconds
  Import took 0.012496 seconds .

========================================================================
Received Import Request.
  Time since last request: 0.000249 seconds.
  path: Assets/New Material.mat
  artifactKey: Guid(1f4585185d42e324582ba1c33d8cf675) Importer(815301076,1909f56bfc062723c751e8b465ee728b)
Start importing Assets/New Material.mat using Guid(1f4585185d42e324582ba1c33d8cf675) Importer(815301076,1909f56bfc062723c751e8b465ee728b)  -> (artifact id: '43d7a81cf45d3e484e91eabfae43f428') in 0.013225 seconds
  Import took 0.016534 seconds .

========================================================================
Received Import Request.
  Time since last request: 0.001878 seconds.
  path: Assets/New Material.mat
  artifactKey: Guid(1f4585185d42e324582ba1c33d8cf675) Importer(815301076,1909f56bfc062723c751e8b465ee728b)
Start importing Assets/New Material.mat using Guid(1f4585185d42e324582ba1c33d8cf675) Importer(815301076,1909f56bfc062723c751e8b465ee728b)  -> (artifact id: '43d7a81cf45d3e484e91eabfae43f428') in 0.010593 seconds
  Import took 0.014251 seconds .

========================================================================
Received Import Request.
  Time since last request: 12.737071 seconds.
  path: Assets/Font
  artifactKey: Guid(dbe36ba941f5daf419d5d42e7ce58df7) Importer(815301076,1909f56bfc062723c751e8b465ee728b)
Start importing Assets/Font using Guid(dbe36ba941f5daf419d5d42e7ce58df7) Importer(815301076,1909f56bfc062723c751e8b465ee728b)  -> (artifact id: '086f2a73a0a5444d2ef54471b7ee4a9d') in 0.002502 seconds
  Import took 0.005426 seconds .

========================================================================
Received Import Request.
  Time since last request: 0.008527 seconds.
  path: Assets/Font
  artifactKey: Guid(dbe36ba941f5daf419d5d42e7ce58df7) Importer(815301076,1909f56bfc062723c751e8b465ee728b)
Start importing Assets/Font using Guid(dbe36ba941f5daf419d5d42e7ce58df7) Importer(815301076,1909f56bfc062723c751e8b465ee728b)  -> (artifact id: '086f2a73a0a5444d2ef54471b7ee4a9d') in 0.001935 seconds
  Import took 0.004979 seconds .

========================================================================
Received Import Request.
  Time since last request: 0.710004 seconds.
  path: Assets/Scenes
  artifactKey: Guid(14a7defec26b28045a0948e46c83955d) Importer(815301076,1909f56bfc062723c751e8b465ee728b)
Start importing Assets/Scenes using Guid(14a7defec26b28045a0948e46c83955d) Importer(815301076,1909f56bfc062723c751e8b465ee728b)  -> (artifact id: 'a0db0328c92b3cf2d459e8726bdf7e35') in 0.002274 seconds
  Import took 0.005646 seconds .

========================================================================
Received Import Request.
  Time since last request: 0.578839 seconds.
  path: Assets/Scripts
  artifactKey: Guid(a1def3f9bcf38dd44a9d4dd6894cdd4c) Importer(815301076,1909f56bfc062723c751e8b465ee728b)
Start importing Assets/Scripts using Guid(a1def3f9bcf38dd44a9d4dd6894cdd4c) Importer(815301076,1909f56bfc062723c751e8b465ee728b)  -> (artifact id: '86eefc05a20da2b47b34bd6fdd159495') in 0.004551 seconds
  Import took 0.007980 seconds .

========================================================================
Received Import Request.
  Time since last request: 0.000931 seconds.
  path: Assets/Scripts
  artifactKey: Guid(a1def3f9bcf38dd44a9d4dd6894cdd4c) Importer(815301076,1909f56bfc062723c751e8b465ee728b)
Start importing Assets/Scripts using Guid(a1def3f9bcf38dd44a9d4dd6894cdd4c) Importer(815301076,1909f56bfc062723c751e8b465ee728b)  -> (artifact id: '86eefc05a20da2b47b34bd6fdd159495') in 0.002353 seconds
  Import took 0.005589 seconds .

========================================================================
Received Import Request.
  Time since last request: 4.509342 seconds.
  path: Assets/Scripts/GameLib.dll
  artifactKey: Guid(ef891dafd2e742d498e53f24c1dbb775) Importer(815301076,1909f56bfc062723c751e8b465ee728b)
Start importing Assets/Scripts/GameLib.dll using Guid(ef891dafd2e742d498e53f24c1dbb775) Importer(815301076,1909f56bfc062723c751e8b465ee728b)  -> (artifact id: '9fb3aa32995a5e838f75a15813ad7c13') in 0.004152 seconds
  Import took 0.007187 seconds .

========================================================================
Received Import Request.
  Time since last request: 12.891223 seconds.
  path: Assets/Prefab/Asteroid.prefab
  artifactKey: Guid(6613e62b5af18b3418850c9944423ec1) Importer(815301076,1909f56bfc062723c751e8b465ee728b)
Start importing Assets/Prefab/Asteroid.prefab using Guid(6613e62b5af18b3418850c9944423ec1) Importer(815301076,1909f56bfc062723c751e8b465ee728b)  -> (artifact id: 'ed598661f043836ed69074fa328a0827') in 0.129921 seconds
  Import took 0.132937 seconds .

========================================================================
Received Import Request.
  Time since last request: 0.000238 seconds.
  path: Assets/Prefab/Enemy3d.prefab
  artifactKey: Guid(849cdc2870b296b4c83486b5f488d607) Importer(815301076,1909f56bfc062723c751e8b465ee728b)
Start importing Assets/Prefab/Enemy3d.prefab using Guid(849cdc2870b296b4c83486b5f488d607) Importer(815301076,1909f56bfc062723c751e8b465ee728b)  -> (artifact id: '69b2bac9c5e55c4880c4940a35f8e1ae') in 0.014009 seconds
  Import took 0.017092 seconds .

========================================================================
Received Import Request.
  Time since last request: 0.000233 seconds.
  path: Assets/Prefab/Ray.prefab
  artifactKey: Guid(33034f4a8ae43a748ab7ad25094d42ef) Importer(815301076,1909f56bfc062723c751e8b465ee728b)
Start importing Assets/Prefab/Ray.prefab using Guid(33034f4a8ae43a748ab7ad25094d42ef) Importer(815301076,1909f56bfc062723c751e8b465ee728b)  -> (artifact id: 'af6097fd3f03c9c7dd5e8f1e2812a2cb') in 0.009267 seconds
  Import took 0.012337 seconds .

========================================================================
Received Import Request.
  Time since last request: 0.000294 seconds.
  path: Assets/Prefab/Bullet.prefab
  artifactKey: Guid(62e7707c01d2e3243a2b777631ee77f7) Importer(815301076,1909f56bfc062723c751e8b465ee728b)
Start importing Assets/Prefab/Bullet.prefab using Guid(62e7707c01d2e3243a2b777631ee77f7) Importer(815301076,1909f56bfc062723c751e8b465ee728b)  -> (artifact id: '506c7da891a31c5f231c33a81642b39c') in 0.011837 seconds
  Import took 0.015136 seconds .

========================================================================
Received Import Request.
  Time since last request: 0.000247 seconds.
  path: Assets/Prefab/Asteroid3d.prefab
  artifactKey: Guid(1520324e2b024ab4d85d11addcf2b2b3) Importer(815301076,1909f56bfc062723c751e8b465ee728b)
Start importing Assets/Prefab/Asteroid3d.prefab using Guid(1520324e2b024ab4d85d11addcf2b2b3) Importer(815301076,1909f56bfc062723c751e8b465ee728b)  -> (artifact id: 'c7205eae8219959c3fddf944ce702f49') in 0.009206 seconds
  Import took 0.013303 seconds .

========================================================================
Received Import Request.
  Time since last request: 0.000298 seconds.
  path: Assets/Prefab/Enemy.prefab
  artifactKey: Guid(ce8576374c8234d488996d24b53418a3) Importer(815301076,1909f56bfc062723c751e8b465ee728b)
Start importing Assets/Prefab/Enemy.prefab using Guid(ce8576374c8234d488996d24b53418a3) Importer(815301076,1909f56bfc062723c751e8b465ee728b)  -> (artifact id: '1e20a988f413bb67b5789de00bfb7e37') in 0.013534 seconds
  Import took 0.017093 seconds .

========================================================================
Received Import Request.
  Time since last request: 0.000239 seconds.
  path: Assets/Prefab/Ray3d.prefab
  artifactKey: Guid(b9396cc9e03e76a41a1f7e09c42369f3) Importer(815301076,1909f56bfc062723c751e8b465ee728b)
Start importing Assets/Prefab/Ray3d.prefab using Guid(b9396cc9e03e76a41a1f7e09c42369f3) Importer(815301076,1909f56bfc062723c751e8b465ee728b)  -> (artifact id: '94ab9ddea69553042e802fc1800b7a47') in 0.010224 seconds
  Import took 0.013491 seconds .

========================================================================
Received Import Request.
  Time since last request: 0.000228 seconds.
  path: Assets/Prefab/BadBullet3d.prefab
  artifactKey: Guid(1a1dfa2e17cc87349a239f0fa20043c3) Importer(815301076,1909f56bfc062723c751e8b465ee728b)
Start importing Assets/Prefab/BadBullet3d.prefab using Guid(1a1dfa2e17cc87349a239f0fa20043c3) Importer(815301076,1909f56bfc062723c751e8b465ee728b)  -> (artifact id: '2acf388cf1fc481d6f901af0f8fabd7b') in 0.008944 seconds
  Import took 0.012250 seconds .

========================================================================
Received Import Request.
  Time since last request: 0.000279 seconds.
  path: Assets/Prefab/Bullet3d.prefab
  artifactKey: Guid(3b214e88d738ae74faf5a82636cba395) Importer(815301076,1909f56bfc062723c751e8b465ee728b)
Start importing Assets/Prefab/Bullet3d.prefab using Guid(3b214e88d738ae74faf5a82636cba395) Importer(815301076,1909f56bfc062723c751e8b465ee728b)  -> (artifact id: '890217576ed1a8eff1b5e4b7dedc6960') in 0.010415 seconds
  Import took 0.014477 seconds .

========================================================================
Received Import Request.
  Time since last request: 0.000245 seconds.
  path: Assets/Prefab/BadBullet.prefab
  artifactKey: Guid(f57039c599818764bbdc12046f9a2016) Importer(815301076,1909f56bfc062723c751e8b465ee728b)
Start importing Assets/Prefab/BadBullet.prefab using Guid(f57039c599818764bbdc12046f9a2016) Importer(815301076,1909f56bfc062723c751e8b465ee728b)  -> (artifact id: '3970ddffe09c5d7b763dc4bd46700481') in 0.013676 seconds
  Import took 0.017972 seconds .

========================================================================
Received Prepare
Registering precompiled user dll's ...
Registered in 0.001324 seconds.
Begin MonoManager ReloadAssembly
Native extension for WindowsStandalone target not found
Native extension for WebGL target not found
Refreshing native plugins compatible for Editor in 0.37 ms, found 1 plugins.
Preloading 0 native plugins for Editor in 0.00 ms.
Mono: successfully reloaded assembly
- Completed reload, in  0.736 seconds
Platform modules already initialized, skipping
Refreshing native plugins compatible for Editor in 0.38 ms, found 1 plugins.
Preloading 0 native plugins for Editor in 0.00 ms.
Unloading 1807 Unused Serialized files (Serialized files now loaded: 0)
System memory in use before: 108.1 MB.
System memory in use after: 108.3 MB.

Unloading 10 unused Assets to reduce memory usage. Loaded Objects now: 2343.
Total: 2.228600 ms (FindLiveObjects: 0.249000 ms CreateObjectMapping: 0.080300 ms MarkObjects: 1.836500 ms  DeleteObjects: 0.061000 ms)

AssetImportWorkerClient::OnTransportError - code=2 error=End of file
